[2024-08-12 22:45:03,231] INFO [Controller id=0 epoch=1] Sending UpdateMetadata request to brokers HashSet(0) for 0 partitions (state.change.logger)
[2024-08-12 22:50:51,850] INFO [Controller id=0 epoch=1] Changed partition paytm-topic-0 state from NonExistentPartition to NewPartition with assigned replicas 0 (state.change.logger)
[2024-08-12 22:50:51,851] INFO [Controller id=0 epoch=1] Changed partition paytm-topic-1 state from NonExistentPartition to NewPartition with assigned replicas 0 (state.change.logger)
[2024-08-12 22:50:51,851] INFO [Controller id=0 epoch=1] Changed partition paytm-topic-2 state from NonExistentPartition to NewPartition with assigned replicas 0 (state.change.logger)
[2024-08-12 22:50:51,851] INFO [Controller id=0 epoch=1] Sending UpdateMetadata request to brokers HashSet() for 0 partitions (state.change.logger)
[2024-08-12 22:50:51,854] INFO [Controller id=0 epoch=1] Sending UpdateMetadata request to brokers HashSet() for 0 partitions (state.change.logger)
[2024-08-12 22:50:51,882] INFO [Controller id=0 epoch=1] Changed partition paytm-topic-0 from NewPartition to OnlinePartition with state LeaderAndIsr(leader=0, leaderEpoch=0, isrWithBrokerEpoch=List(BrokerState(brokerId=0, brokerEpoch=-1)), leaderRecoveryState=RECOVERED, partitionEpoch=0) (state.change.logger)
[2024-08-12 22:50:51,882] INFO [Controller id=0 epoch=1] Changed partition paytm-topic-1 from NewPartition to OnlinePartition with state LeaderAndIsr(leader=0, leaderEpoch=0, isrWithBrokerEpoch=List(BrokerState(brokerId=0, brokerEpoch=-1)), leaderRecoveryState=RECOVERED, partitionEpoch=0) (state.change.logger)
[2024-08-12 22:50:51,882] INFO [Controller id=0 epoch=1] Changed partition paytm-topic-2 from NewPartition to OnlinePartition with state LeaderAndIsr(leader=0, leaderEpoch=0, isrWithBrokerEpoch=List(BrokerState(brokerId=0, brokerEpoch=-1)), leaderRecoveryState=RECOVERED, partitionEpoch=0) (state.change.logger)
[2024-08-12 22:50:51,885] INFO [Controller id=0 epoch=1] Sending LeaderAndIsr request to broker 0 with 3 become-leader and 0 become-follower partitions (state.change.logger)
[2024-08-12 22:50:51,887] INFO [Controller id=0 epoch=1] Sending UpdateMetadata request to brokers HashSet(0) for 3 partitions (state.change.logger)
[2024-08-12 22:50:51,887] INFO [Controller id=0 epoch=1] Sending UpdateMetadata request to brokers HashSet() for 0 partitions (state.change.logger)
[2024-08-12 22:50:51,893] INFO [Broker id=0] Handling LeaderAndIsr request correlationId 1 from controller 0 for 3 partitions (state.change.logger)
[2024-08-12 22:50:51,912] INFO [Broker id=0] Stopped fetchers as part of LeaderAndIsr request correlationId 1 from controller 0 epoch 1 as part of the become-leader transition for 3 partitions (state.change.logger)
[2024-08-12 22:50:51,988] INFO [Broker id=0] Leader paytm-topic-0 with topic id Some(fSXfyQM0RzG2emQ_znnOLA) starts at leader epoch 0 from offset 0 with partition epoch 0, high watermark 0, ISR [0], adding replicas [] and removing replicas [] . Previous leader None and previous leader epoch was -1. (state.change.logger)
[2024-08-12 22:50:52,004] INFO [Broker id=0] Leader paytm-topic-1 with topic id Some(fSXfyQM0RzG2emQ_znnOLA) starts at leader epoch 0 from offset 0 with partition epoch 0, high watermark 0, ISR [0], adding replicas [] and removing replicas [] . Previous leader None and previous leader epoch was -1. (state.change.logger)
[2024-08-12 22:50:52,015] INFO [Broker id=0] Leader paytm-topic-2 with topic id Some(fSXfyQM0RzG2emQ_znnOLA) starts at leader epoch 0 from offset 0 with partition epoch 0, high watermark 0, ISR [0], adding replicas [] and removing replicas [] . Previous leader None and previous leader epoch was -1. (state.change.logger)
[2024-08-12 22:50:52,026] INFO [Broker id=0] Finished LeaderAndIsr request in 135ms correlationId 1 from controller 0 for 3 partitions (state.change.logger)
[2024-08-12 22:50:52,035] INFO [Broker id=0] Add 3 partitions and deleted 0 partitions from metadata cache in response to UpdateMetadata request sent by controller 0 epoch 1 with correlation id 2 (state.change.logger)
[2024-08-12 22:51:56,374] INFO [Controller id=0 epoch=1] Changed partition message-0 state from NonExistentPartition to NewPartition with assigned replicas 0 (state.change.logger)
[2024-08-12 22:51:56,374] INFO [Controller id=0 epoch=1] Changed partition message-1 state from NonExistentPartition to NewPartition with assigned replicas 0 (state.change.logger)
[2024-08-12 22:51:56,374] INFO [Controller id=0 epoch=1] Changed partition message-2 state from NonExistentPartition to NewPartition with assigned replicas 0 (state.change.logger)
[2024-08-12 22:51:56,374] INFO [Controller id=0 epoch=1] Sending UpdateMetadata request to brokers HashSet() for 0 partitions (state.change.logger)
[2024-08-12 22:51:56,375] INFO [Controller id=0 epoch=1] Sending UpdateMetadata request to brokers HashSet() for 0 partitions (state.change.logger)
[2024-08-12 22:51:56,389] INFO [Controller id=0 epoch=1] Changed partition message-0 from NewPartition to OnlinePartition with state LeaderAndIsr(leader=0, leaderEpoch=0, isrWithBrokerEpoch=List(BrokerState(brokerId=0, brokerEpoch=-1)), leaderRecoveryState=RECOVERED, partitionEpoch=0) (state.change.logger)
[2024-08-12 22:51:56,389] INFO [Controller id=0 epoch=1] Changed partition message-1 from NewPartition to OnlinePartition with state LeaderAndIsr(leader=0, leaderEpoch=0, isrWithBrokerEpoch=List(BrokerState(brokerId=0, brokerEpoch=-1)), leaderRecoveryState=RECOVERED, partitionEpoch=0) (state.change.logger)
[2024-08-12 22:51:56,389] INFO [Controller id=0 epoch=1] Changed partition message-2 from NewPartition to OnlinePartition with state LeaderAndIsr(leader=0, leaderEpoch=0, isrWithBrokerEpoch=List(BrokerState(brokerId=0, brokerEpoch=-1)), leaderRecoveryState=RECOVERED, partitionEpoch=0) (state.change.logger)
[2024-08-12 22:51:56,389] INFO [Controller id=0 epoch=1] Sending LeaderAndIsr request to broker 0 with 3 become-leader and 0 become-follower partitions (state.change.logger)
[2024-08-12 22:51:56,390] INFO [Controller id=0 epoch=1] Sending UpdateMetadata request to brokers HashSet(0) for 3 partitions (state.change.logger)
[2024-08-12 22:51:56,390] INFO [Controller id=0 epoch=1] Sending UpdateMetadata request to brokers HashSet() for 0 partitions (state.change.logger)
[2024-08-12 22:51:56,391] INFO [Broker id=0] Handling LeaderAndIsr request correlationId 3 from controller 0 for 3 partitions (state.change.logger)
[2024-08-12 22:51:56,393] INFO [Broker id=0] Stopped fetchers as part of LeaderAndIsr request correlationId 3 from controller 0 epoch 1 as part of the become-leader transition for 3 partitions (state.change.logger)
[2024-08-12 22:51:56,399] INFO [Broker id=0] Leader message-2 with topic id Some(fnugVP3bQcqzn6fCl05NKA) starts at leader epoch 0 from offset 0 with partition epoch 0, high watermark 0, ISR [0], adding replicas [] and removing replicas [] . Previous leader None and previous leader epoch was -1. (state.change.logger)
[2024-08-12 22:51:56,409] INFO [Broker id=0] Leader message-1 with topic id Some(fnugVP3bQcqzn6fCl05NKA) starts at leader epoch 0 from offset 0 with partition epoch 0, high watermark 0, ISR [0], adding replicas [] and removing replicas [] . Previous leader None and previous leader epoch was -1. (state.change.logger)
[2024-08-12 22:51:56,417] INFO [Broker id=0] Leader message-0 with topic id Some(fnugVP3bQcqzn6fCl05NKA) starts at leader epoch 0 from offset 0 with partition epoch 0, high watermark 0, ISR [0], adding replicas [] and removing replicas [] . Previous leader None and previous leader epoch was -1. (state.change.logger)
[2024-08-12 22:51:56,422] INFO [Broker id=0] Finished LeaderAndIsr request in 31ms correlationId 3 from controller 0 for 3 partitions (state.change.logger)
[2024-08-12 22:51:56,424] INFO [Broker id=0] Add 3 partitions and deleted 0 partitions from metadata cache in response to UpdateMetadata request sent by controller 0 epoch 1 with correlation id 4 (state.change.logger)
